<?xml version="1.0" encoding="UTF-8"?>
<!-- Generated by org.testng.reporters.JUnitXMLReporter -->
<testsuite ignored="0" hostname="DESKTOP-KJQ7RLT" failures="0" tests="2" name="Selenium Grid Linux Firefox Test" time="23.086" errors="0" timestamp="2025-11-08T21:01:09 IST">
  <testcase classname="testCases.TC001_Account_Registration" name="verify_account_registration" time="3.856"/>
  <testcase classname="testCases.TC002_LoginTest" name="verify_login" time="2.372"/>
</testsuite> <!-- Selenium Grid Linux Firefox Test -->
