<?xml version="1.0" encoding="UTF-8"?>
<!-- Generated by org.testng.reporters.JUnitXMLReporter -->
<testsuite ignored="0" hostname="DESKTOP-KJQ7RLT" failures="0" tests="2" name="Selenium Grid Linux Chrome Test" time="16.433" errors="0" timestamp="2025-11-08T21:00:45 IST">
  <testcase classname="testCases.TC001_Account_Registration" name="verify_account_registration" time="3.754"/>
  <testcase classname="testCases.TC002_LoginTest" name="verify_login" time="3.138"/>
</testsuite> <!-- Selenium Grid Linux Chrome Test -->
