<?xml version="1.0" encoding="UTF-8"?>
<testng-results ignored="0" total="4" passed="4" failed="0" skipped="0">
  <reporter-output>
  </reporter-output>
  <suite started-at="2025-11-08T21:00:27 IST" name="Master Suite" finished-at="2025-11-08T21:01:08 IST" duration-ms="40792">
    <groups>
      <group name="Master">
        <method signature="TC001_Account_Registration.verify_account_registration()[pri:0, instance:testCases.TC001_Account_Registration@224b4d61]" name="verify_account_registration" class="testCases.TC001_Account_Registration"/>
        <method signature="TC002_LoginTest.verify_login()[pri:0, instance:testCases.TC002_LoginTest@5c48c0c0]" name="verify_login" class="testCases.TC002_LoginTest"/>
        <method signature="TC001_Account_Registration.verify_account_registration()[pri:0, instance:testCases.TC001_Account_Registration@37ebc9d8]" name="verify_account_registration" class="testCases.TC001_Account_Registration"/>
        <method signature="TC002_LoginTest.verify_login()[pri:0, instance:testCases.TC002_LoginTest@293bb8a5]" name="verify_login" class="testCases.TC002_LoginTest"/>
      </group> <!-- Master -->
      <group name="Sanity">
        <method signature="TC002_LoginTest.verify_login()[pri:0, instance:testCases.TC002_LoginTest@5c48c0c0]" name="verify_login" class="testCases.TC002_LoginTest"/>
        <method signature="TC002_LoginTest.verify_login()[pri:0, instance:testCases.TC002_LoginTest@293bb8a5]" name="verify_login" class="testCases.TC002_LoginTest"/>
      </group> <!-- Sanity -->
      <group name="Regression">
        <method signature="TC001_Account_Registration.verify_account_registration()[pri:0, instance:testCases.TC001_Account_Registration@224b4d61]" name="verify_account_registration" class="testCases.TC001_Account_Registration"/>
        <method signature="TC001_Account_Registration.verify_account_registration()[pri:0, instance:testCases.TC001_Account_Registration@37ebc9d8]" name="verify_account_registration" class="testCases.TC001_Account_Registration"/>
      </group> <!-- Regression -->
    </groups>
    <test started-at="2025-11-08T21:00:27 IST" name="Selenium Grid Linux Chrome Test" finished-at="2025-11-08T21:00:44 IST" duration-ms="16433">
      <class name="testCases.TC001_Account_Registration">
        <test-method is-config="true" signature="setup(java.lang.String,java.lang.String)[pri:0, instance:testCases.TC001_Account_Registration@224b4d61]" started-at="2025-11-08T21:00:28 IST" name="setup" finished-at="2025-11-08T21:00:33 IST" duration-ms="5088" status="PASS">
          <params>
            <param index="0">
              <value>
                <![CDATA[linux]]>
              </value>
            </param>
            <param index="1">
              <value>
                <![CDATA[chrome]]>
              </value>
            </param>
          </params>
          <reporter-output>
          </reporter-output>
        </test-method> <!-- setup -->
        <test-method signature="verify_account_registration()[pri:0, instance:testCases.TC001_Account_Registration@224b4d61]" started-at="2025-11-08T21:00:33 IST" name="verify_account_registration" finished-at="2025-11-08T21:00:37 IST" duration-ms="3754" status="PASS">
          <reporter-output>
          </reporter-output>
        </test-method> <!-- verify_account_registration -->
        <test-method is-config="true" signature="teardown()[pri:0, instance:testCases.TC001_Account_Registration@224b4d61]" started-at="2025-11-08T21:00:37 IST" name="teardown" finished-at="2025-11-08T21:00:37 IST" duration-ms="157" status="PASS">
          <reporter-output>
          </reporter-output>
        </test-method> <!-- teardown -->
      </class> <!-- testCases.TC001_Account_Registration -->
      <class name="testCases.TC002_LoginTest">
        <test-method is-config="true" signature="setup(java.lang.String,java.lang.String)[pri:0, instance:testCases.TC002_LoginTest@5c48c0c0]" started-at="2025-11-08T21:00:37 IST" name="setup" finished-at="2025-11-08T21:00:40 IST" duration-ms="3675" status="PASS">
          <params>
            <param index="0">
              <value>
                <![CDATA[linux]]>
              </value>
            </param>
            <param index="1">
              <value>
                <![CDATA[chrome]]>
              </value>
            </param>
          </params>
          <reporter-output>
          </reporter-output>
        </test-method> <!-- setup -->
        <test-method signature="verify_login()[pri:0, instance:testCases.TC002_LoginTest@5c48c0c0]" started-at="2025-11-08T21:00:40 IST" name="verify_login" finished-at="2025-11-08T21:00:44 IST" duration-ms="3138" status="PASS">
          <reporter-output>
          </reporter-output>
        </test-method> <!-- verify_login -->
        <test-method is-config="true" signature="teardown()[pri:0, instance:testCases.TC002_LoginTest@5c48c0c0]" started-at="2025-11-08T21:00:44 IST" name="teardown" finished-at="2025-11-08T21:00:44 IST" duration-ms="94" status="PASS">
          <reporter-output>
          </reporter-output>
        </test-method> <!-- teardown -->
      </class> <!-- testCases.TC002_LoginTest -->
    </test> <!-- Selenium Grid Linux Chrome Test -->
    <test started-at="2025-11-08T21:00:45 IST" name="Selenium Grid Linux Firefox Test" finished-at="2025-11-08T21:01:08 IST" duration-ms="23086">
      <class name="testCases.TC001_Account_Registration">
        <test-method is-config="true" signature="setup(java.lang.String,java.lang.String)[pri:0, instance:testCases.TC001_Account_Registration@37ebc9d8]" started-at="2025-11-08T21:00:45 IST" name="setup" finished-at="2025-11-08T21:00:53 IST" duration-ms="8040" status="PASS">
          <params>
            <param index="0">
              <value>
                <![CDATA[linux]]>
              </value>
            </param>
            <param index="1">
              <value>
                <![CDATA[firefox]]>
              </value>
            </param>
          </params>
          <reporter-output>
          </reporter-output>
        </test-method> <!-- setup -->
        <test-method signature="verify_account_registration()[pri:0, instance:testCases.TC001_Account_Registration@37ebc9d8]" started-at="2025-11-08T21:00:53 IST" name="verify_account_registration" finished-at="2025-11-08T21:00:57 IST" duration-ms="3856" status="PASS">
          <reporter-output>
          </reporter-output>
        </test-method> <!-- verify_account_registration -->
        <test-method is-config="true" signature="teardown()[pri:0, instance:testCases.TC001_Account_Registration@37ebc9d8]" started-at="2025-11-08T21:00:57 IST" name="teardown" finished-at="2025-11-08T21:00:59 IST" duration-ms="1875" status="PASS">
          <reporter-output>
          </reporter-output>
        </test-method> <!-- teardown -->
      </class> <!-- testCases.TC001_Account_Registration -->
      <class name="testCases.TC002_LoginTest">
        <test-method is-config="true" signature="setup(java.lang.String,java.lang.String)[pri:0, instance:testCases.TC002_LoginTest@293bb8a5]" started-at="2025-11-08T21:00:59 IST" name="setup" finished-at="2025-11-08T21:01:04 IST" duration-ms="5502" status="PASS">
          <params>
            <param index="0">
              <value>
                <![CDATA[linux]]>
              </value>
            </param>
            <param index="1">
              <value>
                <![CDATA[firefox]]>
              </value>
            </param>
          </params>
          <reporter-output>
          </reporter-output>
        </test-method> <!-- setup -->
        <test-method signature="verify_login()[pri:0, instance:testCases.TC002_LoginTest@293bb8a5]" started-at="2025-11-08T21:01:04 IST" name="verify_login" finished-at="2025-11-08T21:01:07 IST" duration-ms="2372" status="PASS">
          <reporter-output>
          </reporter-output>
        </test-method> <!-- verify_login -->
        <test-method is-config="true" signature="teardown()[pri:0, instance:testCases.TC002_LoginTest@293bb8a5]" started-at="2025-11-08T21:01:07 IST" name="teardown" finished-at="2025-11-08T21:01:08 IST" duration-ms="1431" status="PASS">
          <reporter-output>
          </reporter-output>
        </test-method> <!-- teardown -->
      </class> <!-- testCases.TC002_LoginTest -->
    </test> <!-- Selenium Grid Linux Firefox Test -->
  </suite> <!-- Master Suite -->
</testng-results>
