<?xml version="1.0" encoding="UTF-8"?>
<!-- Generated by org.testng.reporters.JUnitReportReporter -->
<testsuite hostname="DESKTOP-KJQ7RLT" failures="0" tests="2" name="testCases.TC001_Account_Registration" time="7.610" errors="0" timestamp="2025-11-08T21:01:09 IST" skipped="0">
  <testcase classname="testCases.TC001_Account_Registration" name="verify_account_registration" time="3.754"/>
  <testcase classname="testCases.TC001_Account_Registration" name="verify_account_registration" time="3.856"/>
</testsuite> <!-- testCases.TC001_Account_Registration -->
