<?xml version="1.0" encoding="UTF-8"?>
<!-- Generated by org.testng.reporters.JUnitReportReporter -->
<testsuite hostname="DESKTOP-KJQ7RLT" failures="0" tests="6" name="testCases.TC003_LoginDDT" time="55.040" errors="0" timestamp="2025-11-02T22:47:01 IST" skipped="0">
  <testcase classname="testCases.TC003_LoginDDT" name="verify_loginDDT" time="6.812"/>
  <testcase classname="testCases.TC003_LoginDDT" name="verify_loginDDT" time="14.754"/>
  <testcase classname="testCases.TC003_LoginDDT" name="verify_loginDDT" time="14.677"/>
  <testcase classname="testCases.TC003_LoginDDT" name="verify_loginDDT" time="6.417"/>
  <testcase classname="testCases.TC003_LoginDDT" name="verify_loginDDT" time="5.058"/>
  <testcase classname="testCases.TC003_LoginDDT" name="verify_loginDDT" time="7.322"/>
</testsuite> <!-- testCases.TC003_LoginDDT -->
